=== Opportunity Scanner v2 ===
[C4] Falling back to push-segment decode
[C4] No push segments found
[Cantina] Playwright error: Expecting value: line 1 column 1 (char 0)
[Devpost] API failed: Cannot specify ',' with 's'.
Total: 0 → 0 qualifying
Updated: /root/vaults/gentech/02-Labs/Bug-Bounties/00-Active-Bounties.md
Telegram HQ notified
=== Scan complete ===
=== Daily Opportunity Scan ===
[C4] Parsed 0 from HTML cards
[Cantina] Using cached Reserve Governor entry
[Devpost] error: Cannot specify ',' with 's'.
Results: 1 qualifying from 2 unique contests
Wrote bounties: /root/vaults/gentech/02-Labs/Bug-Bounties/00-Active-Bounties.md
Telegram notified
=== Done ===
=== Daily Opportunity Scan ===
[C4] Parsed 0 from HTML cards
[Cantina] Using cached Reserve Governor entry
[Devpost] error: Cannot specify ',' with 's'.
Results: 1 qualifying from 2 unique contests
Wrote bounties: /root/vaults/gentech/02-Labs/Bug-Bounties/00-Active-Bounties.md
Summary written: /root/vaults/gentech/02-Labs/Contest-Scans/summary_2026-05-02.md
=== Scan complete ===
=== Daily Opportunity Scan ===
Wrote bounties: /root/vaults/gentech/02-Labs/Bug-Bounties/00-Active-Bounties.md
Summary: /root/vaults/gentech/02-Labs/Contest-Scans/summary_2026-05-02.md
=== Done ===
=== Daily Opportunity Scan ===
Wrote bounties: /root/vaults/gentech/02-Labs/Bug-Bounties/00-Active-Bounties.md
Summary: /root/vaults/gentech/02-Labs/Contest-Scans/summary_2026-05-02.md
=== Done ===
=== Daily Opportunity Scan ===
Wrote bounties: /root/vaults/gentech/02-Labs/Bug-Bounties/00-Active-Bounties.md
Summary: /root/vaults/gentech/02-Labs/Contest-Scans/summary_2026-05-02.md
=== Done ===
