[09:00:02] === Daily Opportunity Scan ===
[09:00:02] Wrote bounties: /root/vaults/gentech/02-Labs/Bug-Bounties/00-Active-Bounties.md
[09:00:02] Summary: /root/vaults/gentech/02-Labs/Contest-Scans/summary_2026-05-03.md
[09:00:02] === Done ===
[09:00:01] === Daily Opportunity Scan ===
[09:00:01] Wrote bounties: /root/vaults/gentech/02-Labs/Bug-Bounties/00-Active-Bounties.md
[09:00:01] Summary: /root/vaults/gentech/02-Labs/Contest-Scans/summary_2026-05-06.md
[09:00:01] === Done ===
[09:00:01] === Daily Opportunity Scan ===
[09:00:01] Wrote bounties: /root/vaults/gentech/02-Labs/Bug-Bounties/00-Active-Bounties.md
[09:00:01] Summary: /root/vaults/gentech/02-Labs/Contest-Scans/summary_2026-05-07.md
[09:00:01] === Done ===
[09:00:01] === Daily Opportunity Scan ===
[09:00:01] Wrote bounties: /root/vaults/gentech/02-Labs/Bug-Bounties/00-Active-Bounties.md
[09:00:01] Summary: /root/vaults/gentech/02-Labs/Contest-Scans/summary_2026-05-09.md
[09:00:01] === Done ===
[09:00:01] === Daily Opportunity Scan ===
[09:00:01] Wrote bounties: /root/vaults/gentech/02-Labs/Bug-Bounties/00-Active-Bounties.md
[09:00:01] Summary: /root/vaults/gentech/02-Labs/Contest-Scans/summary_2026-05-10.md
[09:00:01] === Done ===
[09:00:01] === Daily Opportunity Scan ===
[09:00:01] Wrote bounties: /root/vaults/gentech/02-Labs/Bug-Bounties/00-Active-Bounties.md
[09:00:01] Summary: /root/vaults/gentech/02-Labs/Contest-Scans/summary_2026-05-11.md
[09:00:01] === Done ===
[09:00:01] === Daily Opportunity Scan ===
[09:00:01] Wrote bounties: /root/vaults/gentech/02-Labs/Bug-Bounties/00-Active-Bounties.md
[09:00:01] Summary: /root/vaults/gentech/02-Labs/Contest-Scans/summary_2026-05-12.md
[09:00:01] === Done ===
[09:00:01] === Daily Opportunity Scan ===
[09:00:01] Wrote bounties: /root/vaults/gentech/02-Labs/Bug-Bounties/00-Active-Bounties.md
[09:00:01] Summary: /root/vaults/gentech/02-Labs/Contest-Scans/summary_2026-05-13.md
[09:00:01] === Done ===
[09:00:01] === Daily Opportunity Scan ===
[09:00:01] Wrote bounties: /root/vaults/gentech/02-Labs/Bug-Bounties/00-Active-Bounties.md
[09:00:01] Summary: /root/vaults/gentech/02-Labs/Contest-Scans/summary_2026-05-14.md
[09:00:01] === Done ===
[09:00:01] === Daily Opportunity Scan ===
[09:00:01] Wrote bounties: /root/vaults/gentech/02-Labs/Bug-Bounties/00-Active-Bounties.md
[09:00:01] Summary: /root/vaults/gentech/02-Labs/Contest-Scans/summary_2026-05-15.md
[09:00:01] === Done ===
[09:00:01] === Daily Opportunity Scan ===
[09:00:01] Wrote bounties: /root/vaults/gentech/02-Labs/Bug-Bounties/00-Active-Bounties.md
[09:00:01] Summary: /root/vaults/gentech/02-Labs/Contest-Scans/summary_2026-05-16.md
[09:00:01] === Done ===
[09:00:01] === Daily Opportunity Scan ===
[09:00:01] Wrote bounties: /root/vaults/gentech/02-Labs/Bug-Bounties/00-Active-Bounties.md
[09:00:01] Summary: /root/vaults/gentech/02-Labs/Contest-Scans/summary_2026-05-17.md
[09:00:01] === Done ===
[09:00:01] === Daily Opportunity Scan ===
[09:00:01] Wrote bounties: /root/vaults/gentech/02-Labs/Bug-Bounties/00-Active-Bounties.md
[09:00:01] Summary: /root/vaults/gentech/02-Labs/Contest-Scans/summary_2026-05-18.md
[09:00:01] === Done ===
[09:00:01] === Daily Opportunity Scan ===
[09:00:01] Wrote bounties: /root/vaults/gentech/02-Labs/Bug-Bounties/00-Active-Bounties.md
[09:00:01] Summary: /root/vaults/gentech/02-Labs/Contest-Scans/summary_2026-05-19.md
[09:00:01] === Done ===
[09:00:01] === Daily Opportunity Scan ===
[09:00:01] Wrote bounties: /root/vaults/gentech/02-Labs/Bug-Bounties/00-Active-Bounties.md
[09:00:01] Summary: /root/vaults/gentech/02-Labs/Contest-Scans/summary_2026-05-20.md
[09:00:01] === Done ===
[09:00:02] === Daily Opportunity Scan ===
[09:00:02] Wrote bounties: /root/vaults/gentech/02-Labs/Bug-Bounties/00-Active-Bounties.md
[09:00:02] Summary: /root/vaults/gentech/02-Labs/Contest-Scans/summary_2026-05-21.md
[09:00:02] === Done ===
[09:00:01] === Daily Opportunity Scan ===
[09:00:01] Wrote bounties: /root/vaults/gentech/02-Labs/Bug-Bounties/00-Active-Bounties.md
[09:00:01] Summary: /root/vaults/gentech/02-Labs/Contest-Scans/summary_2026-05-22.md
[09:00:01] === Done ===
[09:00:01] === Daily Opportunity Scan ===
[09:00:01] Wrote bounties: /root/vaults/gentech/02-Labs/Bug-Bounties/00-Active-Bounties.md
[09:00:01] Summary: /root/vaults/gentech/02-Labs/Contest-Scans/summary_2026-05-23.md
[09:00:01] === Done ===
[09:00:01] === Daily Opportunity Scan ===
[09:00:01] Wrote bounties: /root/vaults/gentech/02-Labs/Bug-Bounties/00-Active-Bounties.md
[09:00:01] Summary: /root/vaults/gentech/02-Labs/Contest-Scans/summary_2026-05-24.md
[09:00:01] === Done ===
[09:00:01] === Daily Opportunity Scan ===
[09:00:01] Wrote bounties: /root/vaults/gentech/02-Labs/Bug-Bounties/00-Active-Bounties.md
[09:00:01] Summary: /root/vaults/gentech/02-Labs/Contest-Scans/summary_2026-05-25.md
[09:00:01] === Done ===
[09:00:01] === Daily Opportunity Scan ===
[09:00:01] Wrote bounties: /root/vaults/gentech/02-Labs/Bug-Bounties/00-Active-Bounties.md
[09:00:01] Summary: /root/vaults/gentech/02-Labs/Contest-Scans/summary_2026-05-26.md
[09:00:01] === Done ===
[09:00:01] === Daily Opportunity Scan ===
[09:00:01] Wrote bounties: /root/vaults/gentech/02-Labs/Bug-Bounties/00-Active-Bounties.md
[09:00:01] Summary: /root/vaults/gentech/02-Labs/Contest-Scans/summary_2026-05-27.md
[09:00:01] === Done ===
[09:00:01] === Daily Opportunity Scan ===
[09:00:01] Wrote bounties: /root/vaults/gentech/02-Labs/Bug-Bounties/00-Active-Bounties.md
[09:00:01] Summary: /root/vaults/gentech/02-Labs/Contest-Scans/summary_2026-05-28.md
[09:00:01] === Done ===
[09:00:01] === Daily Opportunity Scan ===
[09:00:01] Wrote bounties: /root/vaults/gentech/02-Labs/Bug-Bounties/00-Active-Bounties.md
[09:00:01] Summary: /root/vaults/gentech/02-Labs/Contest-Scans/summary_2026-05-29.md
[09:00:01] === Done ===
[09:00:01] === Daily Opportunity Scan ===
[09:00:01] Wrote bounties: /root/vaults/gentech/02-Labs/Bug-Bounties/00-Active-Bounties.md
[09:00:01] Summary: /root/vaults/gentech/02-Labs/Contest-Scans/summary_2026-05-30.md
[09:00:01] === Done ===
[09:00:01] === Daily Opportunity Scan ===
[09:00:01] Wrote bounties: /root/vaults/gentech/02-Labs/Bug-Bounties/00-Active-Bounties.md
[09:00:01] Summary: /root/vaults/gentech/02-Labs/Contest-Scans/summary_2026-05-31.md
[09:00:01] === Done ===
[09:00:01] === Daily Opportunity Scan ===
[09:00:01] Wrote bounties: /root/vaults/gentech/02-Labs/Bug-Bounties/00-Active-Bounties.md
[09:00:01] Summary: /root/vaults/gentech/02-Labs/Contest-Scans/summary_2026-06-01.md
[09:00:01] === Done ===
[09:00:01] === Daily Opportunity Scan ===
[09:00:01] Wrote bounties: /root/vaults/gentech/02-Labs/Bug-Bounties/00-Active-Bounties.md
[09:00:01] Summary: /root/vaults/gentech/02-Labs/Contest-Scans/summary_2026-06-02.md
[09:00:01] === Done ===
[09:00:01] === Daily Opportunity Scan ===
[09:00:01] Wrote bounties: /root/vaults/gentech/02-Labs/Bug-Bounties/00-Active-Bounties.md
[09:00:01] Summary: /root/vaults/gentech/02-Labs/Contest-Scans/summary_2026-06-03.md
[09:00:01] === Done ===
[09:00:01] === Daily Opportunity Scan ===
[09:00:01] Wrote bounties: /root/vaults/gentech/02-Labs/Bug-Bounties/00-Active-Bounties.md
[09:00:01] Summary: /root/vaults/gentech/02-Labs/Contest-Scans/summary_2026-06-04.md
[09:00:01] === Done ===
[09:00:02] === Daily Opportunity Scan ===
[09:00:02] Wrote bounties: /root/vaults/gentech/02-Labs/Bug-Bounties/00-Active-Bounties.md
[09:00:02] Summary: /root/vaults/gentech/02-Labs/Contest-Scans/summary_2026-06-05.md
[09:00:02] === Done ===
python3: can't open file '/root/vaults/gentech/02-Labs/scripts/opportunity_scanner_daily.py': [Errno 2] No such file or directory
